<?xml version="1.0" encoding="UTF-8"?>
<!-- Generated by org.testng.reporters.JUnitReportReporter -->
<testsuite hostname="DESKTOP-L79JB9P" failures="0" tests="3" name="com.hcl.logintests.MobileLoginTest" time="13.599" errors="0" timestamp="2025-02-25T18:22:48 IST" skipped="0">
  <testcase classname="com.hcl.logintests.MobileLoginTest" name="launchApp" time="13.232"/>
  <testcase classname="com.hcl.logintests.MobileLoginTest" name="doActions" time="0.002"/>
  <testcase classname="com.hcl.logintests.MobileLoginTest" name="closeTest" time="0.365"/>
</testsuite> <!-- com.hcl.logintests.MobileLoginTest -->
