<?xml version="1.0" encoding="UTF-8"?>
<!-- Generated by org.testng.reporters.JUnitReportReporter -->
<testsuite hostname="DESKTOP-L79JB9P" failures="0" tests="1" name="com.hcl.calaculators.MobileCalaculator" time="0.014" errors="0" timestamp="2025-02-25T18:09:10 IST" skipped="0">
  <testcase classname="com.hcl.calaculators.MobileCalaculator" name="addition" time="0.014"/>
</testsuite> <!-- com.hcl.calaculators.MobileCalaculator -->
